<?xml version="1.0" encoding="UTF-8"?>
<testsuite xmlns:xsi="http://www.w3.org/2001/XMLSchema-instance" xsi:noNamespaceSchemaLocation="https://maven.apache.org/surefire/maven-surefire-plugin/xsd/surefire-test-report-3.0.xsd" version="3.0" name="com.demo.crudproject.CrudprojectApplicationTests" time="5.572" tests="1" errors="0" skipped="0" failures="0">
  <properties>
    <property name="java.specification.version" value="21"/>
    <property name="sun.cpu.isalist" value="amd64"/>
    <property name="sun.jnu.encoding" value="Cp1252"/>
    <property name="java.class.path" value="C:\Users\ankit\OneDrive\Desktop\Plants\plant_Server\target\test-classes;C:\Users\ankit\OneDrive\Desktop\Plants\plant_Server\target\classes;C:\Users\ankit\.m2\repository\org\springframework\boot\spring-boot-starter-jdbc\3.1.8\spring-boot-starter-jdbc-3.1.8.jar;C:\Users\ankit\.m2\repository\org\springframework\boot\spring-boot-starter\3.1.8\spring-boot-starter-3.1.8.jar;C:\Users\ankit\.m2\repository\org\springframework\boot\spring-boot\3.1.8\spring-boot-3.1.8.jar;C:\Users\ankit\.m2\repository\org\springframework\boot\spring-boot-autoconfigure\3.1.8\spring-boot-autoconfigure-3.1.8.jar;C:\Users\ankit\.m2\repository\org\springframework\boot\spring-boot-starter-logging\3.1.8\spring-boot-starter-logging-3.1.8.jar;C:\Users\ankit\.m2\repository\ch\qos\logback\logback-classic\1.4.14\logback-classic-1.4.14.jar;C:\Users\ankit\.m2\repository\ch\qos\logback\logback-core\1.4.14\logback-core-1.4.14.jar;C:\Users\ankit\.m2\repository\org\apache\logging\log4j\log4j-to-slf4j\2.20.0\log4j-to-slf4j-2.20.0.jar;C:\Users\ankit\.m2\repository\org\apache\logging\log4j\log4j-api\2.20.0\log4j-api-2.20.0.jar;C:\Users\ankit\.m2\repository\org\slf4j\jul-to-slf4j\2.0.11\jul-to-slf4j-2.0.11.jar;C:\Users\ankit\.m2\repository\jakarta\annotation\jakarta.annotation-api\2.1.1\jakarta.annotation-api-2.1.1.jar;C:\Users\ankit\.m2\repository\org\yaml\snakeyaml\1.33\snakeyaml-1.33.jar;C:\Users\ankit\.m2\repository\com\zaxxer\HikariCP\5.0.1\HikariCP-5.0.1.jar;C:\Users\ankit\.m2\repository\org\slf4j\slf4j-api\2.0.11\slf4j-api-2.0.11.jar;C:\Users\ankit\.m2\repository\org\springframework\spring-jdbc\6.0.16\spring-jdbc-6.0.16.jar;C:\Users\ankit\.m2\repository\org\springframework\spring-beans\6.0.16\spring-beans-6.0.16.jar;C:\Users\ankit\.m2\repository\org\springframework\spring-tx\6.0.16\spring-tx-6.0.16.jar;C:\Users\ankit\.m2\repository\org\springframework\boot\spring-boot-starter-web\3.1.8\spring-boot-starter-web-3.1.8.jar;C:\Users\ankit\.m2\repository\org\springframework\boot\spring-boot-starter-json\3.1.8\spring-boot-starter-json-3.1.8.jar;C:\Users\ankit\.m2\repository\com\fasterxml\jackson\core\jackson-databind\2.15.3\jackson-databind-2.15.3.jar;C:\Users\ankit\.m2\repository\com\fasterxml\jackson\core\jackson-annotations\2.15.3\jackson-annotations-2.15.3.jar;C:\Users\ankit\.m2\repository\com\fasterxml\jackson\core\jackson-core\2.15.3\jackson-core-2.15.3.jar;C:\Users\ankit\.m2\repository\com\fasterxml\jackson\datatype\jackson-datatype-jdk8\2.15.3\jackson-datatype-jdk8-2.15.3.jar;C:\Users\ankit\.m2\repository\com\fasterxml\jackson\datatype\jackson-datatype-jsr310\2.15.3\jackson-datatype-jsr310-2.15.3.jar;C:\Users\ankit\.m2\repository\com\fasterxml\jackson\module\jackson-module-parameter-names\2.15.3\jackson-module-parameter-names-2.15.3.jar;C:\Users\ankit\.m2\repository\org\springframework\boot\spring-boot-starter-tomcat\3.1.8\spring-boot-starter-tomcat-3.1.8.jar;C:\Users\ankit\.m2\repository\org\apache\tomcat\embed\tomcat-embed-core\10.1.18\tomcat-embed-core-10.1.18.jar;C:\Users\ankit\.m2\repository\org\apache\tomcat\embed\tomcat-embed-el\10.1.18\tomcat-embed-el-10.1.18.jar;C:\Users\ankit\.m2\repository\org\apache\tomcat\embed\tomcat-embed-websocket\10.1.18\tomcat-embed-websocket-10.1.18.jar;C:\Users\ankit\.m2\repository\org\springframework\spring-web\6.0.16\spring-web-6.0.16.jar;C:\Users\ankit\.m2\repository\io\micrometer\micrometer-observation\1.11.8\micrometer-observation-1.11.8.jar;C:\Users\ankit\.m2\repository\io\micrometer\micrometer-commons\1.11.8\micrometer-commons-1.11.8.jar;C:\Users\ankit\.m2\repository\org\springframework\spring-webmvc\6.0.16\spring-webmvc-6.0.16.jar;C:\Users\ankit\.m2\repository\org\springframework\spring-aop\6.0.16\spring-aop-6.0.16.jar;C:\Users\ankit\.m2\repository\org\springframework\spring-context\6.0.16\spring-context-6.0.16.jar;C:\Users\ankit\.m2\repository\org\springframework\spring-expression\6.0.16\spring-expression-6.0.16.jar;C:\Users\ankit\.m2\repository\com\mysql\mysql-connector-j\8.0.33\mysql-connector-j-8.0.33.jar;C:\Users\ankit\.m2\repository\org\springframework\boot\spring-boot-starter-test\3.1.8\spring-boot-starter-test-3.1.8.jar;C:\Users\ankit\.m2\repository\org\springframework\boot\spring-boot-test\3.1.8\spring-boot-test-3.1.8.jar;C:\Users\ankit\.m2\repository\org\springframework\boot\spring-boot-test-autoconfigure\3.1.8\spring-boot-test-autoconfigure-3.1.8.jar;C:\Users\ankit\.m2\repository\com\jayway\jsonpath\json-path\2.8.0\json-path-2.8.0.jar;C:\Users\ankit\.m2\repository\jakarta\xml\bind\jakarta.xml.bind-api\4.0.1\jakarta.xml.bind-api-4.0.1.jar;C:\Users\ankit\.m2\repository\jakarta\activation\jakarta.activation-api\2.1.2\jakarta.activation-api-2.1.2.jar;C:\Users\ankit\.m2\repository\net\minidev\json-smart\2.4.11\json-smart-2.4.11.jar;C:\Users\ankit\.m2\repository\net\minidev\accessors-smart\2.4.11\accessors-smart-2.4.11.jar;C:\Users\ankit\.m2\repository\org\ow2\asm\asm\9.3\asm-9.3.jar;C:\Users\ankit\.m2\repository\org\assertj\assertj-core\3.24.2\assertj-core-3.24.2.jar;C:\Users\ankit\.m2\repository\net\bytebuddy\byte-buddy\1.14.11\byte-buddy-1.14.11.jar;C:\Users\ankit\.m2\repository\org\hamcrest\hamcrest\2.2\hamcrest-2.2.jar;C:\Users\ankit\.m2\repository\org\junit\jupiter\junit-jupiter\5.9.3\junit-jupiter-5.9.3.jar;C:\Users\ankit\.m2\repository\org\junit\jupiter\junit-jupiter-api\5.9.3\junit-jupiter-api-5.9.3.jar;C:\Users\ankit\.m2\repository\org\opentest4j\opentest4j\1.2.0\opentest4j-1.2.0.jar;C:\Users\ankit\.m2\repository\org\junit\platform\junit-platform-commons\1.9.3\junit-platform-commons-1.9.3.jar;C:\Users\ankit\.m2\repository\org\apiguardian\apiguardian-api\1.1.2\apiguardian-api-1.1.2.jar;C:\Users\ankit\.m2\repository\org\junit\jupiter\junit-jupiter-params\5.9.3\junit-jupiter-params-5.9.3.jar;C:\Users\ankit\.m2\repository\org\junit\jupiter\junit-jupiter-engine\5.9.3\junit-jupiter-engine-5.9.3.jar;C:\Users\ankit\.m2\repository\org\junit\platform\junit-platform-engine\1.9.3\junit-platform-engine-1.9.3.jar;C:\Users\ankit\.m2\repository\org\mockito\mockito-core\5.3.1\mockito-core-5.3.1.jar;C:\Users\ankit\.m2\repository\net\bytebuddy\byte-buddy-agent\1.14.11\byte-buddy-agent-1.14.11.jar;C:\Users\ankit\.m2\repository\org\objenesis\objenesis\3.3\objenesis-3.3.jar;C:\Users\ankit\.m2\repository\org\mockito\mockito-junit-jupiter\5.3.1\mockito-junit-jupiter-5.3.1.jar;C:\Users\ankit\.m2\repository\org\skyscreamer\jsonassert\1.5.1\jsonassert-1.5.1.jar;C:\Users\ankit\.m2\repository\com\vaadin\external\google\android-json\0.0.20131108.vaadin1\android-json-0.0.20131108.vaadin1.jar;C:\Users\ankit\.m2\repository\org\springframework\spring-core\6.0.16\spring-core-6.0.16.jar;C:\Users\ankit\.m2\repository\org\springframework\spring-jcl\6.0.16\spring-jcl-6.0.16.jar;C:\Users\ankit\.m2\repository\org\springframework\spring-test\6.0.16\spring-test-6.0.16.jar;C:\Users\ankit\.m2\repository\org\xmlunit\xmlunit-core\2.9.1\xmlunit-core-2.9.1.jar;"/>
    <property name="java.vm.vendor" value="Oracle Corporation"/>
    <property name="sun.arch.data.model" value="64"/>
    <property name="user.variant" value=""/>
    <property name="java.vendor.url" value="https://java.oracle.com/"/>
    <property name="user.timezone" value="Asia/Calcutta"/>
    <property name="user.country.format" value="BS"/>
    <property name="os.name" value="Windows 11"/>
    <property name="java.vm.specification.version" value="21"/>
    <property name="sun.java.launcher" value="SUN_STANDARD"/>
    <property name="user.country" value="US"/>
    <property name="sun.boot.library.path" value="C:\Program Files\Java\jdk-21\bin"/>
    <property name="sun.java.command" value="C:\Users\ankit\AppData\Local\Temp\surefire291661980550599076\surefirebooter-20240210152930411_3.jar C:\Users\ankit\AppData\Local\Temp\surefire291661980550599076 2024-02-10T15-29-30_140-jvmRun1 surefire-20240210152930411_1tmp surefire_0-20240210152930411_2tmp"/>
    <property name="jdk.debug" value="release"/>
    <property name="surefire.test.class.path" value="C:\Users\ankit\OneDrive\Desktop\Plants\plant_Server\target\test-classes;C:\Users\ankit\OneDrive\Desktop\Plants\plant_Server\target\classes;C:\Users\ankit\.m2\repository\org\springframework\boot\spring-boot-starter-jdbc\3.1.8\spring-boot-starter-jdbc-3.1.8.jar;C:\Users\ankit\.m2\repository\org\springframework\boot\spring-boot-starter\3.1.8\spring-boot-starter-3.1.8.jar;C:\Users\ankit\.m2\repository\org\springframework\boot\spring-boot\3.1.8\spring-boot-3.1.8.jar;C:\Users\ankit\.m2\repository\org\springframework\boot\spring-boot-autoconfigure\3.1.8\spring-boot-autoconfigure-3.1.8.jar;C:\Users\ankit\.m2\repository\org\springframework\boot\spring-boot-starter-logging\3.1.8\spring-boot-starter-logging-3.1.8.jar;C:\Users\ankit\.m2\repository\ch\qos\logback\logback-classic\1.4.14\logback-classic-1.4.14.jar;C:\Users\ankit\.m2\repository\ch\qos\logback\logback-core\1.4.14\logback-core-1.4.14.jar;C:\Users\ankit\.m2\repository\org\apache\logging\log4j\log4j-to-slf4j\2.20.0\log4j-to-slf4j-2.20.0.jar;C:\Users\ankit\.m2\repository\org\apache\logging\log4j\log4j-api\2.20.0\log4j-api-2.20.0.jar;C:\Users\ankit\.m2\repository\org\slf4j\jul-to-slf4j\2.0.11\jul-to-slf4j-2.0.11.jar;C:\Users\ankit\.m2\repository\jakarta\annotation\jakarta.annotation-api\2.1.1\jakarta.annotation-api-2.1.1.jar;C:\Users\ankit\.m2\repository\org\yaml\snakeyaml\1.33\snakeyaml-1.33.jar;C:\Users\ankit\.m2\repository\com\zaxxer\HikariCP\5.0.1\HikariCP-5.0.1.jar;C:\Users\ankit\.m2\repository\org\slf4j\slf4j-api\2.0.11\slf4j-api-2.0.11.jar;C:\Users\ankit\.m2\repository\org\springframework\spring-jdbc\6.0.16\spring-jdbc-6.0.16.jar;C:\Users\ankit\.m2\repository\org\springframework\spring-beans\6.0.16\spring-beans-6.0.16.jar;C:\Users\ankit\.m2\repository\org\springframework\spring-tx\6.0.16\spring-tx-6.0.16.jar;C:\Users\ankit\.m2\repository\org\springframework\boot\spring-boot-starter-web\3.1.8\spring-boot-starter-web-3.1.8.jar;C:\Users\ankit\.m2\repository\org\springframework\boot\spring-boot-starter-json\3.1.8\spring-boot-starter-json-3.1.8.jar;C:\Users\ankit\.m2\repository\com\fasterxml\jackson\core\jackson-databind\2.15.3\jackson-databind-2.15.3.jar;C:\Users\ankit\.m2\repository\com\fasterxml\jackson\core\jackson-annotations\2.15.3\jackson-annotations-2.15.3.jar;C:\Users\ankit\.m2\repository\com\fasterxml\jackson\core\jackson-core\2.15.3\jackson-core-2.15.3.jar;C:\Users\ankit\.m2\repository\com\fasterxml\jackson\datatype\jackson-datatype-jdk8\2.15.3\jackson-datatype-jdk8-2.15.3.jar;C:\Users\ankit\.m2\repository\com\fasterxml\jackson\datatype\jackson-datatype-jsr310\2.15.3\jackson-datatype-jsr310-2.15.3.jar;C:\Users\ankit\.m2\repository\com\fasterxml\jackson\module\jackson-module-parameter-names\2.15.3\jackson-module-parameter-names-2.15.3.jar;C:\Users\ankit\.m2\repository\org\springframework\boot\spring-boot-starter-tomcat\3.1.8\spring-boot-starter-tomcat-3.1.8.jar;C:\Users\ankit\.m2\repository\org\apache\tomcat\embed\tomcat-embed-core\10.1.18\tomcat-embed-core-10.1.18.jar;C:\Users\ankit\.m2\repository\org\apache\tomcat\embed\tomcat-embed-el\10.1.18\tomcat-embed-el-10.1.18.jar;C:\Users\ankit\.m2\repository\org\apache\tomcat\embed\tomcat-embed-websocket\10.1.18\tomcat-embed-websocket-10.1.18.jar;C:\Users\ankit\.m2\repository\org\springframework\spring-web\6.0.16\spring-web-6.0.16.jar;C:\Users\ankit\.m2\repository\io\micrometer\micrometer-observation\1.11.8\micrometer-observation-1.11.8.jar;C:\Users\ankit\.m2\repository\io\micrometer\micrometer-commons\1.11.8\micrometer-commons-1.11.8.jar;C:\Users\ankit\.m2\repository\org\springframework\spring-webmvc\6.0.16\spring-webmvc-6.0.16.jar;C:\Users\ankit\.m2\repository\org\springframework\spring-aop\6.0.16\spring-aop-6.0.16.jar;C:\Users\ankit\.m2\repository\org\springframework\spring-context\6.0.16\spring-context-6.0.16.jar;C:\Users\ankit\.m2\repository\org\springframework\spring-expression\6.0.16\spring-expression-6.0.16.jar;C:\Users\ankit\.m2\repository\com\mysql\mysql-connector-j\8.0.33\mysql-connector-j-8.0.33.jar;C:\Users\ankit\.m2\repository\org\springframework\boot\spring-boot-starter-test\3.1.8\spring-boot-starter-test-3.1.8.jar;C:\Users\ankit\.m2\repository\org\springframework\boot\spring-boot-test\3.1.8\spring-boot-test-3.1.8.jar;C:\Users\ankit\.m2\repository\org\springframework\boot\spring-boot-test-autoconfigure\3.1.8\spring-boot-test-autoconfigure-3.1.8.jar;C:\Users\ankit\.m2\repository\com\jayway\jsonpath\json-path\2.8.0\json-path-2.8.0.jar;C:\Users\ankit\.m2\repository\jakarta\xml\bind\jakarta.xml.bind-api\4.0.1\jakarta.xml.bind-api-4.0.1.jar;C:\Users\ankit\.m2\repository\jakarta\activation\jakarta.activation-api\2.1.2\jakarta.activation-api-2.1.2.jar;C:\Users\ankit\.m2\repository\net\minidev\json-smart\2.4.11\json-smart-2.4.11.jar;C:\Users\ankit\.m2\repository\net\minidev\accessors-smart\2.4.11\accessors-smart-2.4.11.jar;C:\Users\ankit\.m2\repository\org\ow2\asm\asm\9.3\asm-9.3.jar;C:\Users\ankit\.m2\repository\org\assertj\assertj-core\3.24.2\assertj-core-3.24.2.jar;C:\Users\ankit\.m2\repository\net\bytebuddy\byte-buddy\1.14.11\byte-buddy-1.14.11.jar;C:\Users\ankit\.m2\repository\org\hamcrest\hamcrest\2.2\hamcrest-2.2.jar;C:\Users\ankit\.m2\repository\org\junit\jupiter\junit-jupiter\5.9.3\junit-jupiter-5.9.3.jar;C:\Users\ankit\.m2\repository\org\junit\jupiter\junit-jupiter-api\5.9.3\junit-jupiter-api-5.9.3.jar;C:\Users\ankit\.m2\repository\org\opentest4j\opentest4j\1.2.0\opentest4j-1.2.0.jar;C:\Users\ankit\.m2\repository\org\junit\platform\junit-platform-commons\1.9.3\junit-platform-commons-1.9.3.jar;C:\Users\ankit\.m2\repository\org\apiguardian\apiguardian-api\1.1.2\apiguardian-api-1.1.2.jar;C:\Users\ankit\.m2\repository\org\junit\jupiter\junit-jupiter-params\5.9.3\junit-jupiter-params-5.9.3.jar;C:\Users\ankit\.m2\repository\org\junit\jupiter\junit-jupiter-engine\5.9.3\junit-jupiter-engine-5.9.3.jar;C:\Users\ankit\.m2\repository\org\junit\platform\junit-platform-engine\1.9.3\junit-platform-engine-1.9.3.jar;C:\Users\ankit\.m2\repository\org\mockito\mockito-core\5.3.1\mockito-core-5.3.1.jar;C:\Users\ankit\.m2\repository\net\bytebuddy\byte-buddy-agent\1.14.11\byte-buddy-agent-1.14.11.jar;C:\Users\ankit\.m2\repository\org\objenesis\objenesis\3.3\objenesis-3.3.jar;C:\Users\ankit\.m2\repository\org\mockito\mockito-junit-jupiter\5.3.1\mockito-junit-jupiter-5.3.1.jar;C:\Users\ankit\.m2\repository\org\skyscreamer\jsonassert\1.5.1\jsonassert-1.5.1.jar;C:\Users\ankit\.m2\repository\com\vaadin\external\google\android-json\0.0.20131108.vaadin1\android-json-0.0.20131108.vaadin1.jar;C:\Users\ankit\.m2\repository\org\springframework\spring-core\6.0.16\spring-core-6.0.16.jar;C:\Users\ankit\.m2\repository\org\springframework\spring-jcl\6.0.16\spring-jcl-6.0.16.jar;C:\Users\ankit\.m2\repository\org\springframework\spring-test\6.0.16\spring-test-6.0.16.jar;C:\Users\ankit\.m2\repository\org\xmlunit\xmlunit-core\2.9.1\xmlunit-core-2.9.1.jar;"/>
    <property name="sun.cpu.endian" value="little"/>
    <property name="user.home" value="C:\Users\ankit"/>
    <property name="user.language" value="en"/>
    <property name="java.specification.vendor" value="Oracle Corporation"/>
    <property name="java.version.date" value="2023-10-17"/>
    <property name="java.home" value="C:\Program Files\Java\jdk-21"/>
    <property name="file.separator" value="\"/>
    <property name="basedir" value="C:\Users\ankit\OneDrive\Desktop\Plants\plant_Server"/>
    <property name="style.color" value="always"/>
    <property name="java.vm.compressedOopsMode" value="Zero based"/>
    <property name="line.separator" value="&#10;"/>
    <property name="java.vm.specification.vendor" value="Oracle Corporation"/>
    <property name="java.specification.name" value="Java Platform API Specification"/>
    <property name="FILE_LOG_CHARSET" value="UTF-8"/>
    <property name="java.awt.headless" value="true"/>
    <property name="surefire.real.class.path" value="C:\Users\ankit\AppData\Local\Temp\surefire291661980550599076\surefirebooter-20240210152930411_3.jar"/>
    <property name="user.script" value=""/>
    <property name="sun.management.compiler" value="HotSpot 64-Bit Tiered Compilers"/>
    <property name="java.runtime.version" value="21.0.1+12-LTS-29"/>
    <property name="user.name" value="ankit"/>
    <property name="stdout.encoding" value="Cp1252"/>
    <property name="path.separator" value=";"/>
    <property name="os.version" value="10.0"/>
    <property name="java.runtime.name" value="Java(TM) SE Runtime Environment"/>
    <property name="file.encoding" value="UTF-8"/>
    <property name="java.vm.name" value="Java HotSpot(TM) 64-Bit Server VM"/>
    <property name="localRepository" value="C:\Users\ankit\.m2\repository"/>
    <property name="java.vendor.url.bug" value="https://bugreport.java.com/bugreport/"/>
    <property name="java.io.tmpdir" value="C:\Users\ankit\AppData\Local\Temp\"/>
    <property name="java.version" value="21.0.1"/>
    <property name="user.dir" value="C:\Users\ankit\OneDrive\Desktop\Plants\plant_Server"/>
    <property name="os.arch" value="amd64"/>
    <property name="java.vm.specification.name" value="Java Virtual Machine Specification"/>
    <property name="PID" value="16596"/>
    <property name="sun.os.patch.level" value=""/>
    <property name="CONSOLE_LOG_CHARSET" value="UTF-8"/>
    <property name="native.encoding" value="Cp1252"/>
    <property name="java.library.path" value="C:\Program Files\Java\jdk-21\bin;C:\WINDOWS\Sun\Java\bin;C:\WINDOWS\system32;C:\WINDOWS;C:\Program Files\Common Files\Oracle\Java\javapath;C:\Program Files\MongoDB\Server\7.0\bin;C:\Program Files\Java\jdk-21\bin;C:\Program Files\Git\bin;C:\Program Files\nodejs;C:\Program Files\dotnet;C:\Program Files (x86)\Microsoft Visual Studio;C:\Program Files\PuTTY\;C:\Windows\System32;C:\Program Files\MySQL\MySQL Shell 8.0\bin\;C:\Users\ankit\AppData\Local\Microsoft\WindowsApps;C:\Users\ankit\AppData\Local\Programs\Microsoft VS Code\bin;C:\MinGW\bin;C:\Users\ankit\AppData\Roaming\npm;C:\Program Files\MySQL\MySQL Workbench 8.0;C:\Program Files\Notepad++;C:\Program Files\nodejs;C:\Users\ankit\.dotnet\tools;C:\Windows\System32;C:\Program Files\MySQL\MySQL Server 8.0\bin;;."/>
    <property name="java.vm.info" value="mixed mode, sharing"/>
    <property name="stderr.encoding" value="Cp1252"/>
    <property name="java.vendor" value="Oracle Corporation"/>
    <property name="java.vm.version" value="21.0.1+12-LTS-29"/>
    <property name="sun.io.unicode.encoding" value="UnicodeLittle"/>
    <property name="java.class.version" value="65.0"/>
  </properties>
  <testcase name="contextLoads" classname="com.demo.crudproject.CrudprojectApplicationTests" time="1.696">
    <system-out><![CDATA[15:29:32.043 [main] INFO org.springframework.test.context.support.AnnotationConfigContextLoaderUtils -- Could not detect default configuration classes for test class [com.demo.crudproject.CrudprojectApplicationTests]: CrudprojectApplicationTests does not declare any static, non-private, non-final, nested classes annotated with @Configuration.
15:29:32.232 [main] INFO org.springframework.boot.test.context.SpringBootTestContextBootstrapper -- Found @SpringBootConfiguration com.demo.CrudprojectApplication for test class com.demo.crudproject.CrudprojectApplicationTests

  .   ____          _            __ _ _
 /\\ / ___'_ __ _ _(_)_ __  __ _ \ \ \ \
( ( )\___ | '_ | '_| | '_ \/ _` | \ \ \ \
 \\/  ___)| |_)| | | | | || (_| |  ) ) ) )
  '  |____| .__|_| |_|_| |_\__, | / / / /
 =========|_|==============|___/=/_/_/_/
 :: Spring Boot ::                (v3.1.8)

2024-02-10T15:29:33.020+05:30  INFO 16596 --- [           main] c.d.c.CrudprojectApplicationTests        : Starting CrudprojectApplicationTests using Java 21.0.1 with PID 16596 (started by ankit in C:\Users\ankit\OneDrive\Desktop\Plants\plant_Server)
2024-02-10T15:29:33.022+05:30  INFO 16596 --- [           main] c.d.c.CrudprojectApplicationTests        : No active profile set, falling back to 1 default profile: "default"
2024-02-10T15:29:35.499+05:30  INFO 16596 --- [           main] c.d.c.CrudprojectApplicationTests        : Started CrudprojectApplicationTests in 2.968 seconds (process running for 4.797)
]]></system-out>
    <system-err><![CDATA[WARNING: A Java agent has been loaded dynamically (C:\Users\ankit\.m2\repository\net\bytebuddy\byte-buddy-agent\1.14.11\byte-buddy-agent-1.14.11.jar)
WARNING: If a serviceability tool is in use, please run with -XX:+EnableDynamicAgentLoading to hide this warning
WARNING: If a serviceability tool is not in use, please run with -Djdk.instrument.traceUsage for more information
WARNING: Dynamic loading of agents will be disallowed by default in a future release
]]></system-err>
  </testcase>
</testsuite>